<?xml version="1.0" encoding="UTF-8" standalone="no"?>
<testsuite errors="0" failures="1" name="io.cucumber.core.plugin.JUnitFormatter" skipped="0" tests="4" time="64.515">
    <testcase classname="customer_login_feature" name="login_with_customer_credentials" time="14.853">
        <system-out>
            <![CDATA[Given user opens the URL "https://www.bluerentalcars.com/"..................passed
When user navigate the login page...........................................passed
And user enters username as "customer@bluerentalcars.com" and password as "12345" and click on login button.passed
Then verify the login is successful.........................................passed
Then close the application..................................................passed
]]>
        </system-out>
    </testcase>
    <testcase classname="customer_login_feature" name="login_with_customer_credentials_2" time="13.868">
        <system-out>
            <![CDATA[Given user opens the URL "https://www.bluerentalcars.com/"..................passed
When user navigate the login page...........................................passed
And user enters username as "customer1@bluerentalcars.com" and password as "12346" and click on login button.passed
Then verify the login is successful.........................................passed
Then close the application..................................................passed
]]>
        </system-out>
    </testcase>
    <testcase classname="customer_login_feature" name="login_with_customer_credentials_3" time="13.555">
        <system-out>
            <![CDATA[Given user opens the URL "https://www.bluerentalcars.com/"..................passed
When user navigate the login page...........................................passed
And user enters username as "customer2@bluerentalcars.com" and password as "12347" and click on login button.passed
Then verify the login is successful.........................................passed
Then close the application..................................................passed
]]>
        </system-out>
    </testcase>
    <testcase classname="customer_login_feature" name="login_with_customer_credentials_4" time="22.081">
        <failure message="no such element: Unable to locate element: {&quot;method&quot;:&quot;css selector&quot;,&quot;selector&quot;:&quot;#dropdown\-basic\-button&quot;}&#10;  (Session info: chrome=105.0.5195.127)&#10;For documentation on this error, please visit: https://selenium.dev/exceptions/#no_such_element&#10;Build info: version: '4.4.0', revision: 'e5c75ed026a'&#10;System info: host: 'LAPTOP-IIFGH21L', ip: '192.168.0.14', os.name: 'Windows 11', os.arch: 'amd64', os.version: '10.0', java.version: '11.0.15'&#10;Driver info: org.openqa.selenium.chrome.ChromeDriver&#10;Command: [402d06e17776cf4a63f5871049c2de5c, findElement {using=id, value=dropdown-basic-button}]&#10;Capabilities {acceptInsecureCerts: false, browserName: chrome, browserVersion: 105.0.5195.127, chrome: {chromedriverVersion: 105.0.5195.52 (412c95e51883..., userDataDir: C:\Users\ayse8\AppData\Loca...}, goog:chromeOptions: {debuggerAddress: localhost:54730}, networkConnectionEnabled: false, pageLoadStrategy: normal, platformName: WINDOWS, proxy: Proxy(), se:cdp: ws://localhost:54730/devtoo..., se:cdpVersion: 105.0.5195.127, setWindowRect: true, strictFileInteractability: false, timeouts: {implicit: 0, pageLoad: 300000, script: 30000}, unhandledPromptBehavior: dismiss and notify, webauthn:extension:credBlob: true, webauthn:extension:largeBlob: true, webauthn:virtualAuthenticators: true}&#10;Session ID: 402d06e17776cf4a63f5871049c2de5c" type="org.openqa.selenium.NoSuchElementException">
            <![CDATA[Given user opens the URL "https://www.bluerentalcars.com/"..................passed
When user navigate the login page...........................................passed
And user enters username as "customer3@bluerentalcars.com" and password as "123482" and click on login button.passed
Then verify the login is successful.........................................failed
Then close the application..................................................skipped

StackTrace:
org.openqa.selenium.NoSuchElementException: no such element: Unable to locate element: {"method":"css selector","selector":"#dropdown\-basic\-button"}
  (Session info: chrome=105.0.5195.127)
For documentation on this error, please visit: https://selenium.dev/exceptions/#no_such_element
Build info: version: '4.4.0', revision: 'e5c75ed026a'
System info: host: 'LAPTOP-IIFGH21L', ip: '192.168.0.14', os.name: 'Windows 11', os.arch: 'amd64', os.version: '10.0', java.version: '11.0.15'
Driver info: org.openqa.selenium.chrome.ChromeDriver
Command: [402d06e17776cf4a63f5871049c2de5c, findElement {using=id, value=dropdown-basic-button}]
Capabilities {acceptInsecureCerts: false, browserName: chrome, browserVersion: 105.0.5195.127, chrome: {chromedriverVersion: 105.0.5195.52 (412c95e51883..., userDataDir: C:\Users\ayse8\AppData\Loca...}, goog:chromeOptions: {debuggerAddress: localhost:54730}, networkConnectionEnabled: false, pageLoadStrategy: normal, platformName: WINDOWS, proxy: Proxy(), se:cdp: ws://localhost:54730/devtoo..., se:cdpVersion: 105.0.5195.127, setWindowRect: true, strictFileInteractability: false, timeouts: {implicit: 0, pageLoad: 300000, script: 30000}, unhandledPromptBehavior: dismiss and notify, webauthn:extension:credBlob: true, webauthn:extension:largeBlob: true, webauthn:virtualAuthenticators: true}
Session ID: 402d06e17776cf4a63f5871049c2de5c
	at java.base/jdk.internal.reflect.NativeConstructorAccessorImpl.newInstance0(Native Method)
	at java.base/jdk.internal.reflect.NativeConstructorAccessorImpl.newInstance(NativeConstructorAccessorImpl.java:62)
	at java.base/jdk.internal.reflect.DelegatingConstructorAccessorImpl.newInstance(DelegatingConstructorAccessorImpl.java:45)
	at java.base/java.lang.reflect.Constructor.newInstance(Constructor.java:490)
	at org.openqa.selenium.remote.codec.w3c.W3CHttpResponseCodec.createException(W3CHttpResponseCodec.java:200)
	at org.openqa.selenium.remote.codec.w3c.W3CHttpResponseCodec.decode(W3CHttpResponseCodec.java:133)
	at org.openqa.selenium.remote.codec.w3c.W3CHttpResponseCodec.decode(W3CHttpResponseCodec.java:53)
	at org.openqa.selenium.remote.HttpCommandExecutor.execute(HttpCommandExecutor.java:184)
	at org.openqa.selenium.remote.service.DriverCommandExecutor.invokeExecute(DriverCommandExecutor.java:167)
	at org.openqa.selenium.remote.service.DriverCommandExecutor.execute(DriverCommandExecutor.java:142)
	at org.openqa.selenium.remote.RemoteWebDriver.execute(RemoteWebDriver.java:547)
	at org.openqa.selenium.remote.ElementLocation$ElementFinder$2.findElement(ElementLocation.java:162)
	at org.openqa.selenium.remote.ElementLocation.findElement(ElementLocation.java:60)
	at org.openqa.selenium.remote.RemoteWebDriver.findElement(RemoteWebDriver.java:365)
	at org.openqa.selenium.remote.RemoteWebDriver.findElement(RemoteWebDriver.java:357)
	at org.openqa.selenium.support.pagefactory.DefaultElementLocator.findElement(DefaultElementLocator.java:70)
	at org.openqa.selenium.support.pagefactory.internal.LocatingElementHandler.invoke(LocatingElementHandler.java:39)
	at com.sun.proxy.$Proxy21.isDisplayed(Unknown Source)
	at stepdefinitions.AppLoginStepDefs.verify_the_login_is_successful(AppLoginStepDefs.java:25)
	at âœ½.verify the login is successful(file:///C:/Users/ayse8/IdeaProjects/mycucumberproject/./src/test/resources/features/day20_customer_login.feature:8)
]]>
        </failure>
    </testcase>
</testsuite>
